INFO:schedule:Running job Every 1 second do add_users() (last run: [never], next run: 2017-08-14 21:56:51)
ERROR:UserQueueService:Error running queue consumer name 'UserQueueConsumer' is not defined
INFO:schedule:Running job Every 1 second do add_users() (last run: 2017-08-14 21:56:51, next run: 2017-08-14 21:56:52)
ERROR:UserQueueService:Error running queue consumer name 'UserQueueConsumer' is not defined
INFO:schedule:Running job Every 1 second do add_users() (last run: 2017-08-14 21:56:52, next run: 2017-08-14 21:56:53)
ERROR:UserQueueService:Error running queue consumer name 'UserQueueConsumer' is not defined
INFO:schedule:Running job Every 1 second do add_users() (last run: 2017-08-14 21:56:53, next run: 2017-08-14 21:56:54)
ERROR:UserQueueService:Error running queue consumer name 'UserQueueConsumer' is not defined
INFO:schedule:Running job Every 1 second do add_users() (last run: 2017-08-14 21:56:54, next run: 2017-08-14 21:56:55)
ERROR:UserQueueService:Error running queue consumer name 'UserQueueConsumer' is not defined
INFO:schedule:Running job Every 1 second do add_users() (last run: 2017-08-14 21:56:55, next run: 2017-08-14 21:56:56)
ERROR:UserQueueService:Error running queue consumer name 'UserQueueConsumer' is not defined
INFO:schedule:Running job Every 1 second do add_users() (last run: 2017-08-14 21:56:56, next run: 2017-08-14 21:56:57)
ERROR:UserQueueService:Error running queue consumer name 'UserQueueConsumer' is not defined
INFO:schedule:Running job Every 1 second do add_users() (last run: 2017-08-14 21:56:57, next run: 2017-08-14 21:56:58)
ERROR:UserQueueService:Error running queue consumer name 'UserQueueConsumer' is not defined
INFO:schedule:Running job Every 1 second do add_users() (last run: 2017-08-14 21:56:58, next run: 2017-08-14 21:56:59)
ERROR:UserQueueService:Error running queue consumer name 'UserQueueConsumer' is not defined
INFO:schedule:Running job Every 1 second do add_users() (last run: 2017-08-14 21:56:59, next run: 2017-08-14 21:57:00)
ERROR:UserQueueService:Error running queue consumer name 'UserQueueConsumer' is not defined
INFO:schedule:Running job Every 1 second do add_users() (last run: 2017-08-14 21:57:00, next run: 2017-08-14 21:57:01)
ERROR:UserQueueService:Error running queue consumer name 'UserQueueConsumer' is not defined
INFO:schedule:Running job Every 1 second do add_users() (last run: 2017-08-14 21:57:01, next run: 2017-08-14 21:57:02)
ERROR:UserQueueService:Error running queue consumer name 'UserQueueConsumer' is not defined
INFO:schedule:Running job Every 1 second do add_users() (last run: 2017-08-14 21:57:02, next run: 2017-08-14 21:57:03)
ERROR:UserQueueService:Error running queue consumer name 'UserQueueConsumer' is not defined
INFO:schedule:Running job Every 1 second do add_users() (last run: 2017-08-14 21:57:03, next run: 2017-08-14 21:57:04)
ERROR:UserQueueService:Error running queue consumer name 'UserQueueConsumer' is not defined
INFO:schedule:Running job Every 1 second do add_users() (last run: 2017-08-14 21:57:04, next run: 2017-08-14 21:57:05)
ERROR:UserQueueService:Error running queue consumer name 'UserQueueConsumer' is not defined
INFO:schedule:Running job Every 1 second do add_users() (last run: 2017-08-14 21:57:05, next run: 2017-08-14 21:57:06)
ERROR:UserQueueService:Error running queue consumer name 'UserQueueConsumer' is not defined
INFO:schedule:Running job Every 1 second do add_users() (last run: 2017-08-14 21:57:06, next run: 2017-08-14 21:57:07)
ERROR:UserQueueService:Error running queue consumer name 'UserQueueConsumer' is not defined
INFO:schedule:Running job Every 1 second do add_users() (last run: 2017-08-14 21:57:07, next run: 2017-08-14 21:57:08)
ERROR:UserQueueService:Error running queue consumer name 'UserQueueConsumer' is not defined
INFO:schedule:Running job Every 1 second do add_users() (last run: 2017-08-14 21:57:08, next run: 2017-08-14 21:57:09)
ERROR:UserQueueService:Error running queue consumer name 'UserQueueConsumer' is not defined
INFO:schedule:Running job Every 1 second do add_users() (last run: [never], next run: 2017-08-14 21:57:23)
ERROR:UserQueueService:Error running queue consumer name 'UserQueueConsumer' is not defined
INFO:schedule:Running job Every 1 second do add_users() (last run: 2017-08-14 21:57:23, next run: 2017-08-14 21:57:24)
ERROR:UserQueueService:Error running queue consumer name 'UserQueueConsumer' is not defined
INFO:schedule:Running job Every 1 second do add_users() (last run: 2017-08-14 21:57:24, next run: 2017-08-14 21:57:25)
ERROR:UserQueueService:Error running queue consumer name 'UserQueueConsumer' is not defined
INFO:schedule:Running job Every 1 second do add_users() (last run: 2017-08-14 21:57:25, next run: 2017-08-14 21:57:26)
ERROR:UserQueueService:Error running queue consumer name 'UserQueueConsumer' is not defined
INFO:schedule:Running job Every 1 second do add_users() (last run: 2017-08-14 21:57:26, next run: 2017-08-14 21:57:27)
ERROR:UserQueueService:Error running queue consumer name 'UserQueueConsumer' is not defined
INFO:schedule:Running job Every 1 second do add_users() (last run: 2017-08-14 21:57:27, next run: 2017-08-14 21:57:28)
ERROR:UserQueueService:Error running queue consumer name 'UserQueueConsumer' is not defined
INFO:schedule:Running job Every 1 second do add_users() (last run: 2017-08-14 21:57:28, next run: 2017-08-14 21:57:29)
ERROR:UserQueueService:Error running queue consumer name 'UserQueueConsumer' is not defined
INFO:schedule:Running job Every 1 second do add_users() (last run: 2017-08-14 21:57:29, next run: 2017-08-14 21:57:30)
ERROR:UserQueueService:Error running queue consumer name 'UserQueueConsumer' is not defined
INFO:schedule:Running job Every 1 second do add_users() (last run: 2017-08-14 21:57:30, next run: 2017-08-14 21:57:31)
ERROR:UserQueueService:Error running queue consumer name 'UserQueueConsumer' is not defined
INFO:schedule:Running job Every 1 second do add_users() (last run: 2017-08-14 21:57:31, next run: 2017-08-14 21:57:32)
ERROR:UserQueueService:Error running queue consumer name 'UserQueueConsumer' is not defined
INFO:schedule:Running job Every 1 second do add_users() (last run: 2017-08-14 21:57:32, next run: 2017-08-14 21:57:33)
ERROR:UserQueueService:Error running queue consumer name 'UserQueueConsumer' is not defined
INFO:schedule:Running job Every 1 second do add_users() (last run: 2017-08-14 21:57:33, next run: 2017-08-14 21:57:34)
ERROR:UserQueueService:Error running queue consumer name 'UserQueueConsumer' is not defined
INFO:schedule:Running job Every 1 second do add_users() (last run: 2017-08-14 21:57:34, next run: 2017-08-14 21:57:35)
ERROR:UserQueueService:Error running queue consumer name 'UserQueueConsumer' is not defined
INFO:schedule:Running job Every 1 second do add_users() (last run: 2017-08-14 21:57:35, next run: 2017-08-14 21:57:36)
ERROR:UserQueueService:Error running queue consumer name 'UserQueueConsumer' is not defined
INFO:schedule:Running job Every 1 second do add_users() (last run: 2017-08-14 21:57:36, next run: 2017-08-14 21:57:37)
ERROR:UserQueueService:Error running queue consumer name 'UserQueueConsumer' is not defined
INFO:schedule:Running job Every 1 second do add_users() (last run: 2017-08-14 21:57:37, next run: 2017-08-14 21:57:38)
ERROR:UserQueueService:Error running queue consumer name 'UserQueueConsumer' is not defined
INFO:schedule:Running job Every 1 second do add_users() (last run: 2017-08-14 21:57:38, next run: 2017-08-14 21:57:39)
ERROR:UserQueueService:Error running queue consumer name 'UserQueueConsumer' is not defined
INFO:schedule:Running job Every 1 second do add_users() (last run: 2017-08-14 21:57:39, next run: 2017-08-14 21:57:40)
ERROR:UserQueueService:Error running queue consumer name 'UserQueueConsumer' is not defined
INFO:schedule:Running job Every 1 second do add_users() (last run: 2017-08-14 21:57:40, next run: 2017-08-14 21:57:41)
ERROR:UserQueueService:Error running queue consumer name 'UserQueueConsumer' is not defined
INFO:schedule:Running job Every 1 second do add_users() (last run: 2017-08-14 21:57:41, next run: 2017-08-14 21:57:42)
ERROR:UserQueueService:Error running queue consumer name 'UserQueueConsumer' is not defined
INFO:schedule:Running job Every 1 second do add_users() (last run: 2017-08-14 21:57:42, next run: 2017-08-14 21:57:43)
ERROR:UserQueueService:Error running queue consumer name 'UserQueueConsumer' is not defined
INFO:schedule:Running job Every 1 second do add_users() (last run: 2017-08-14 21:57:43, next run: 2017-08-14 21:57:44)
ERROR:UserQueueService:Error running queue consumer name 'UserQueueConsumer' is not defined
INFO:schedule:Running job Every 1 second do add_users() (last run: 2017-08-14 21:57:44, next run: 2017-08-14 21:57:45)
ERROR:UserQueueService:Error running queue consumer name 'UserQueueConsumer' is not defined
INFO:schedule:Running job Every 1 second do add_users() (last run: 2017-08-14 21:57:45, next run: 2017-08-14 21:57:46)
ERROR:UserQueueService:Error running queue consumer name 'UserQueueConsumer' is not defined
INFO:schedule:Running job Every 1 second do add_users() (last run: 2017-08-14 21:57:46, next run: 2017-08-14 21:57:47)
ERROR:UserQueueService:Error running queue consumer name 'UserQueueConsumer' is not defined
INFO:schedule:Running job Every 1 second do add_users() (last run: 2017-08-14 21:57:47, next run: 2017-08-14 21:57:48)
ERROR:UserQueueService:Error running queue consumer name 'UserQueueConsumer' is not defined
INFO:schedule:Running job Every 1 second do add_users() (last run: 2017-08-14 21:57:48, next run: 2017-08-14 21:57:49)
ERROR:UserQueueService:Error running queue consumer name 'UserQueueConsumer' is not defined
INFO:schedule:Running job Every 1 second do add_users() (last run: [never], next run: 2017-08-14 21:58:16)
ERROR:UserQueueService:Error running queue consumer name 'UserQueueConsumer' is not defined
INFO:schedule:Running job Every 1 second do add_users() (last run: 2017-08-14 21:58:16, next run: 2017-08-14 21:58:17)
ERROR:UserQueueService:Error running queue consumer name 'UserQueueConsumer' is not defined
INFO:schedule:Running job Every 1 second do add_users() (last run: 2017-08-14 21:58:17, next run: 2017-08-14 21:58:18)
ERROR:UserQueueService:Error running queue consumer name 'UserQueueConsumer' is not defined
INFO:schedule:Running job Every 1 second do add_users() (last run: 2017-08-14 21:58:18, next run: 2017-08-14 21:58:19)
ERROR:UserQueueService:Error running queue consumer name 'UserQueueConsumer' is not defined
INFO:schedule:Running job Every 1 second do add_users() (last run: 2017-08-14 21:58:19, next run: 2017-08-14 21:58:20)
ERROR:UserQueueService:Error running queue consumer name 'UserQueueConsumer' is not defined
INFO:schedule:Running job Every 1 second do add_users() (last run: 2017-08-14 21:58:20, next run: 2017-08-14 21:58:21)
ERROR:UserQueueService:Error running queue consumer name 'UserQueueConsumer' is not defined
INFO:schedule:Running job Every 1 second do add_users() (last run: 2017-08-14 21:58:21, next run: 2017-08-14 21:58:22)
ERROR:UserQueueService:Error running queue consumer name 'UserQueueConsumer' is not defined
INFO:schedule:Running job Every 1 second do add_users() (last run: 2017-08-14 21:58:22, next run: 2017-08-14 21:58:23)
ERROR:UserQueueService:Error running queue consumer name 'UserQueueConsumer' is not defined
INFO:schedule:Running job Every 1 second do add_users() (last run: 2017-08-14 21:58:23, next run: 2017-08-14 21:58:24)
ERROR:UserQueueService:Error running queue consumer name 'UserQueueConsumer' is not defined
INFO:schedule:Running job Every 1 second do add_users() (last run: 2017-08-14 21:58:24, next run: 2017-08-14 21:58:25)
ERROR:UserQueueService:Error running queue consumer name 'UserQueueConsumer' is not defined
INFO:schedule:Running job Every 1 second do add_users() (last run: 2017-08-14 21:58:25, next run: 2017-08-14 21:58:26)
ERROR:UserQueueService:Error running queue consumer name 'UserQueueConsumer' is not defined
INFO:schedule:Running job Every 1 second do add_users() (last run: 2017-08-14 21:58:26, next run: 2017-08-14 21:58:27)
ERROR:UserQueueService:Error running queue consumer name 'UserQueueConsumer' is not defined
INFO:schedule:Running job Every 1 second do add_users() (last run: 2017-08-14 21:58:27, next run: 2017-08-14 21:58:28)
ERROR:UserQueueService:Error running queue consumer name 'UserQueueConsumer' is not defined
INFO:schedule:Running job Every 1 second do add_users() (last run: 2017-08-14 21:58:28, next run: 2017-08-14 21:58:29)
ERROR:UserQueueService:Error running queue consumer name 'UserQueueConsumer' is not defined
INFO:schedule:Running job Every 1 second do add_users() (last run: 2017-08-14 21:58:29, next run: 2017-08-14 21:58:30)
ERROR:UserQueueService:Error running queue consumer name 'UserQueueConsumer' is not defined
INFO:schedule:Running job Every 1 second do add_users() (last run: 2017-08-14 21:58:30, next run: 2017-08-14 21:58:31)
ERROR:UserQueueService:Error running queue consumer name 'UserQueueConsumer' is not defined
INFO:schedule:Running job Every 1 second do add_users() (last run: 2017-08-14 21:58:31, next run: 2017-08-14 21:58:32)
ERROR:UserQueueService:Error running queue consumer name 'UserQueueConsumer' is not defined
INFO:schedule:Running job Every 1 second do add_users() (last run: 2017-08-14 21:58:32, next run: 2017-08-14 21:58:33)
ERROR:UserQueueService:Error running queue consumer name 'UserQueueConsumer' is not defined
INFO:schedule:Running job Every 1 second do add_users() (last run: [never], next run: 2017-08-14 21:58:36)
ERROR:UserQueueService:Error running queue consumer name 'UserQueueConsumer' is not defined
INFO:schedule:Running job Every 1 second do add_users() (last run: 2017-08-14 21:58:36, next run: 2017-08-14 21:58:37)
ERROR:UserQueueService:Error running queue consumer name 'UserQueueConsumer' is not defined
INFO:schedule:Running job Every 1 second do add_users() (last run: 2017-08-14 21:58:37, next run: 2017-08-14 21:58:38)
ERROR:UserQueueService:Error running queue consumer name 'UserQueueConsumer' is not defined
INFO:schedule:Running job Every 1 second do add_users() (last run: 2017-08-14 21:58:38, next run: 2017-08-14 21:58:39)
ERROR:UserQueueService:Error running queue consumer name 'UserQueueConsumer' is not defined
INFO:schedule:Running job Every 1 second do add_users() (last run: 2017-08-14 21:58:39, next run: 2017-08-14 21:58:40)
ERROR:UserQueueService:Error running queue consumer name 'UserQueueConsumer' is not defined
INFO:schedule:Running job Every 1 second do add_users() (last run: 2017-08-14 21:58:40, next run: 2017-08-14 21:58:41)
ERROR:UserQueueService:Error running queue consumer name 'UserQueueConsumer' is not defined
INFO:schedule:Running job Every 1 second do add_users() (last run: 2017-08-14 21:58:41, next run: 2017-08-14 21:58:42)
ERROR:UserQueueService:Error running queue consumer name 'UserQueueConsumer' is not defined
INFO:schedule:Running job Every 1 second do add_users() (last run: 2017-08-14 21:58:42, next run: 2017-08-14 21:58:43)
ERROR:UserQueueService:Error running queue consumer name 'UserQueueConsumer' is not defined
INFO:schedule:Running job Every 1 second do add_users() (last run: 2017-08-14 21:58:43, next run: 2017-08-14 21:58:44)
ERROR:UserQueueService:Error running queue consumer name 'UserQueueConsumer' is not defined
INFO:schedule:Running job Every 1 second do add_users() (last run: 2017-08-14 21:58:44, next run: 2017-08-14 21:58:45)
ERROR:UserQueueService:Error running queue consumer name 'UserQueueConsumer' is not defined
INFO:schedule:Running job Every 1 second do add_users() (last run: 2017-08-14 21:58:45, next run: 2017-08-14 21:58:46)
ERROR:UserQueueService:Error running queue consumer name 'UserQueueConsumer' is not defined
INFO:schedule:Running job Every 1 second do add_users() (last run: 2017-08-14 21:58:46, next run: 2017-08-14 21:58:47)
ERROR:UserQueueService:Error running queue consumer name 'UserQueueConsumer' is not defined
INFO:schedule:Running job Every 1 second do add_users() (last run: 2017-08-14 21:58:47, next run: 2017-08-14 21:58:48)
ERROR:UserQueueService:Error running queue consumer name 'UserQueueConsumer' is not defined
INFO:schedule:Running job Every 1 second do add_users() (last run: 2017-08-14 21:58:48, next run: 2017-08-14 21:58:49)
ERROR:UserQueueService:Error running queue consumer name 'UserQueueConsumer' is not defined
INFO:schedule:Running job Every 1 second do add_users() (last run: 2017-08-14 21:58:49, next run: 2017-08-14 21:58:50)
ERROR:UserQueueService:Error running queue consumer name 'UserQueueConsumer' is not defined
INFO:schedule:Running job Every 1 second do add_users() (last run: 2017-08-14 21:58:50, next run: 2017-08-14 21:58:51)
ERROR:UserQueueService:Error running queue consumer name 'UserQueueConsumer' is not defined
INFO:schedule:Running job Every 1 second do add_users() (last run: 2017-08-14 21:58:51, next run: 2017-08-14 21:58:52)
ERROR:UserQueueService:Error running queue consumer name 'UserQueueConsumer' is not defined
INFO:schedule:Running job Every 1 second do add_users() (last run: 2017-08-14 21:58:52, next run: 2017-08-14 21:58:53)
ERROR:UserQueueService:Error running queue consumer name 'UserQueueConsumer' is not defined
INFO:schedule:Running job Every 1 second do add_users() (last run: 2017-08-14 21:58:53, next run: 2017-08-14 21:58:54)
ERROR:UserQueueService:Error running queue consumer name 'UserQueueConsumer' is not defined
INFO:schedule:Running job Every 1 second do add_users() (last run: 2017-08-14 21:58:54, next run: 2017-08-14 21:58:55)
ERROR:UserQueueService:Error running queue consumer name 'UserQueueConsumer' is not defined
INFO:schedule:Running job Every 1 second do add_users() (last run: 2017-08-14 21:58:55, next run: 2017-08-14 21:58:56)
ERROR:UserQueueService:Error running queue consumer name 'UserQueueConsumer' is not defined
INFO:schedule:Running job Every 1 second do add_users() (last run: 2017-08-14 21:58:56, next run: 2017-08-14 21:58:57)
ERROR:UserQueueService:Error running queue consumer name 'UserQueueConsumer' is not defined
INFO:schedule:Running job Every 1 second do add_users() (last run: 2017-08-14 21:58:57, next run: 2017-08-14 21:58:58)
ERROR:UserQueueService:Error running queue consumer name 'UserQueueConsumer' is not defined
INFO:schedule:Running job Every 1 second do add_users() (last run: 2017-08-14 21:58:58, next run: 2017-08-14 21:58:59)
ERROR:UserQueueService:Error running queue consumer name 'UserQueueConsumer' is not defined
INFO:schedule:Running job Every 1 second do add_users() (last run: 2017-08-14 21:58:59, next run: 2017-08-14 21:59:00)
ERROR:UserQueueService:Error running queue consumer name 'UserQueueConsumer' is not defined
INFO:schedule:Running job Every 1 second do add_users() (last run: 2017-08-14 21:59:00, next run: 2017-08-14 21:59:01)
ERROR:UserQueueService:Error running queue consumer name 'UserQueueConsumer' is not defined
INFO:schedule:Running job Every 1 second do add_users() (last run: 2017-08-14 21:59:01, next run: 2017-08-14 21:59:02)
ERROR:UserQueueService:Error running queue consumer name 'UserQueueConsumer' is not defined
INFO:schedule:Running job Every 1 second do add_users() (last run: 2017-08-14 21:59:02, next run: 2017-08-14 21:59:03)
ERROR:UserQueueService:Error running queue consumer name 'UserQueueConsumer' is not defined
INFO:schedule:Running job Every 1 second do add_users() (last run: 2017-08-14 21:59:03, next run: 2017-08-14 21:59:04)
ERROR:UserQueueService:Error running queue consumer name 'UserQueueConsumer' is not defined
INFO:schedule:Running job Every 1 second do add_users() (last run: 2017-08-14 21:59:04, next run: 2017-08-14 21:59:05)
ERROR:UserQueueService:Error running queue consumer name 'UserQueueConsumer' is not defined
INFO:schedule:Running job Every 1 second do add_users() (last run: 2017-08-14 21:59:05, next run: 2017-08-14 21:59:06)
ERROR:UserQueueService:Error running queue consumer name 'UserQueueConsumer' is not defined
INFO:schedule:Running job Every 1 second do add_users() (last run: 2017-08-14 21:59:06, next run: 2017-08-14 21:59:07)
ERROR:UserQueueService:Error running queue consumer name 'UserQueueConsumer' is not defined
INFO:schedule:Running job Every 1 second do add_users() (last run: 2017-08-14 21:59:07, next run: 2017-08-14 21:59:08)
ERROR:UserQueueService:Error running queue consumer name 'UserQueueConsumer' is not defined
INFO:schedule:Running job Every 1 second do add_users() (last run: 2017-08-14 21:59:08, next run: 2017-08-14 21:59:09)
ERROR:UserQueueService:Error running queue consumer name 'UserQueueConsumer' is not defined
INFO:schedule:Running job Every 1 second do add_users() (last run: 2017-08-14 21:59:09, next run: 2017-08-14 21:59:10)
ERROR:UserQueueService:Error running queue consumer name 'UserQueueConsumer' is not defined
INFO:schedule:Running job Every 1 second do add_users() (last run: 2017-08-14 21:59:10, next run: 2017-08-14 21:59:11)
ERROR:UserQueueService:Error running queue consumer name 'UserQueueConsumer' is not defined
INFO:schedule:Running job Every 1 second do add_users() (last run: 2017-08-14 21:59:11, next run: 2017-08-14 21:59:12)
ERROR:UserQueueService:Error running queue consumer name 'UserQueueConsumer' is not defined
INFO:schedule:Running job Every 1 second do add_users() (last run: 2017-08-14 21:59:12, next run: 2017-08-14 21:59:13)
ERROR:UserQueueService:Error running queue consumer name 'UserQueueConsumer' is not defined
INFO:schedule:Running job Every 1 second do add_users() (last run: 2017-08-14 21:59:13, next run: 2017-08-14 21:59:14)
ERROR:UserQueueService:Error running queue consumer name 'UserQueueConsumer' is not defined
INFO:schedule:Running job Every 1 second do add_users() (last run: 2017-08-14 21:59:14, next run: 2017-08-14 21:59:15)
ERROR:UserQueueService:Error running queue consumer name 'UserQueueConsumer' is not defined
INFO:schedule:Running job Every 1 second do add_users() (last run: 2017-08-14 21:59:15, next run: 2017-08-14 21:59:16)
ERROR:UserQueueService:Error running queue consumer name 'UserQueueConsumer' is not defined
INFO:schedule:Running job Every 1 second do add_users() (last run: 2017-08-14 21:59:16, next run: 2017-08-14 21:59:17)
ERROR:UserQueueService:Error running queue consumer name 'UserQueueConsumer' is not defined
INFO:schedule:Running job Every 1 second do add_users() (last run: 2017-08-14 21:59:17, next run: 2017-08-14 21:59:18)
ERROR:UserQueueService:Error running queue consumer name 'UserQueueConsumer' is not defined
INFO:schedule:Running job Every 1 second do add_users() (last run: 2017-08-14 21:59:18, next run: 2017-08-14 21:59:19)
ERROR:UserQueueService:Error running queue consumer name 'UserQueueConsumer' is not defined
INFO:schedule:Running job Every 1 second do add_users() (last run: 2017-08-14 21:59:19, next run: 2017-08-14 21:59:20)
ERROR:UserQueueService:Error running queue consumer name 'UserQueueConsumer' is not defined
INFO:schedule:Running job Every 1 second do add_users() (last run: 2017-08-14 21:59:20, next run: 2017-08-14 21:59:21)
ERROR:UserQueueService:Error running queue consumer name 'UserQueueConsumer' is not defined
INFO:schedule:Running job Every 1 second do add_users() (last run: 2017-08-14 21:59:21, next run: 2017-08-14 21:59:22)
ERROR:UserQueueService:Error running queue consumer name 'UserQueueConsumer' is not defined
INFO:schedule:Running job Every 1 second do add_users() (last run: 2017-08-14 21:59:22, next run: 2017-08-14 21:59:23)
ERROR:UserQueueService:Error running queue consumer name 'UserQueueConsumer' is not defined
INFO:schedule:Running job Every 1 second do add_users() (last run: 2017-08-14 21:59:23, next run: 2017-08-14 21:59:24)
ERROR:UserQueueService:Error running queue consumer name 'UserQueueConsumer' is not defined
INFO:schedule:Running job Every 1 second do add_users() (last run: 2017-08-14 21:59:24, next run: 2017-08-14 21:59:25)
ERROR:UserQueueService:Error running queue consumer name 'UserQueueConsumer' is not defined
INFO:schedule:Running job Every 1 second do add_users() (last run: 2017-08-14 21:59:25, next run: 2017-08-14 21:59:26)
ERROR:UserQueueService:Error running queue consumer name 'UserQueueConsumer' is not defined
INFO:schedule:Running job Every 1 second do add_users() (last run: 2017-08-14 21:59:26, next run: 2017-08-14 21:59:27)
ERROR:UserQueueService:Error running queue consumer name 'UserQueueConsumer' is not defined
INFO:schedule:Running job Every 1 second do add_users() (last run: 2017-08-14 21:59:27, next run: 2017-08-14 21:59:28)
ERROR:UserQueueService:Error running queue consumer name 'UserQueueConsumer' is not defined
INFO:schedule:Running job Every 1 second do add_users() (last run: 2017-08-14 21:59:28, next run: 2017-08-14 21:59:29)
ERROR:UserQueueService:Error running queue consumer name 'UserQueueConsumer' is not defined
INFO:schedule:Running job Every 1 second do add_users() (last run: 2017-08-14 21:59:29, next run: 2017-08-14 21:59:30)
ERROR:UserQueueService:Error running queue consumer name 'UserQueueConsumer' is not defined
INFO:schedule:Running job Every 1 second do add_users() (last run: 2017-08-14 21:59:30, next run: 2017-08-14 21:59:31)
ERROR:UserQueueService:Error running queue consumer name 'UserQueueConsumer' is not defined
INFO:schedule:Running job Every 1 second do add_users() (last run: 2017-08-14 21:59:31, next run: 2017-08-14 21:59:32)
ERROR:UserQueueService:Error running queue consumer name 'UserQueueConsumer' is not defined
INFO:schedule:Running job Every 1 second do add_users() (last run: 2017-08-14 21:59:32, next run: 2017-08-14 21:59:33)
ERROR:UserQueueService:Error running queue consumer name 'UserQueueConsumer' is not defined
INFO:schedule:Running job Every 1 second do add_users() (last run: 2017-08-14 21:59:33, next run: 2017-08-14 21:59:34)
ERROR:UserQueueService:Error running queue consumer name 'UserQueueConsumer' is not defined
INFO:schedule:Running job Every 1 second do add_users() (last run: 2017-08-14 21:59:34, next run: 2017-08-14 21:59:35)
ERROR:UserQueueService:Error running queue consumer name 'UserQueueConsumer' is not defined
INFO:schedule:Running job Every 1 second do add_users() (last run: 2017-08-14 21:59:35, next run: 2017-08-14 21:59:36)
ERROR:UserQueueService:Error running queue consumer name 'UserQueueConsumer' is not defined
INFO:schedule:Running job Every 1 second do add_users() (last run: 2017-08-14 21:59:36, next run: 2017-08-14 21:59:37)
ERROR:UserQueueService:Error running queue consumer name 'UserQueueConsumer' is not defined
INFO:schedule:Running job Every 1 second do add_users() (last run: 2017-08-14 21:59:37, next run: 2017-08-14 21:59:38)
ERROR:UserQueueService:Error running queue consumer name 'UserQueueConsumer' is not defined
INFO:schedule:Running job Every 1 second do add_users() (last run: 2017-08-14 21:59:38, next run: 2017-08-14 21:59:39)
ERROR:UserQueueService:Error running queue consumer name 'UserQueueConsumer' is not defined
INFO:schedule:Running job Every 1 second do add_users() (last run: 2017-08-14 21:59:39, next run: 2017-08-14 21:59:40)
ERROR:UserQueueService:Error running queue consumer name 'UserQueueConsumer' is not defined
INFO:schedule:Running job Every 1 second do add_users() (last run: 2017-08-14 21:59:40, next run: 2017-08-14 21:59:41)
ERROR:UserQueueService:Error running queue consumer name 'UserQueueConsumer' is not defined
INFO:schedule:Running job Every 1 second do add_users() (last run: 2017-08-14 21:59:41, next run: 2017-08-14 21:59:42)
ERROR:UserQueueService:Error running queue consumer name 'UserQueueConsumer' is not defined
INFO:schedule:Running job Every 1 second do add_users() (last run: 2017-08-14 21:59:42, next run: 2017-08-14 21:59:43)
ERROR:UserQueueService:Error running queue consumer name 'UserQueueConsumer' is not defined
INFO:schedule:Running job Every 1 second do add_users() (last run: 2017-08-14 21:59:43, next run: 2017-08-14 21:59:44)
ERROR:UserQueueService:Error running queue consumer name 'UserQueueConsumer' is not defined
INFO:schedule:Running job Every 1 second do add_users() (last run: 2017-08-14 21:59:44, next run: 2017-08-14 21:59:45)
ERROR:UserQueueService:Error running queue consumer name 'UserQueueConsumer' is not defined
INFO:schedule:Running job Every 1 second do add_users() (last run: 2017-08-14 21:59:45, next run: 2017-08-14 21:59:46)
ERROR:UserQueueService:Error running queue consumer name 'UserQueueConsumer' is not defined
INFO:schedule:Running job Every 1 second do add_users() (last run: 2017-08-14 21:59:46, next run: 2017-08-14 21:59:47)
ERROR:UserQueueService:Error running queue consumer name 'UserQueueConsumer' is not defined
INFO:schedule:Running job Every 1 second do add_users() (last run: 2017-08-14 21:59:47, next run: 2017-08-14 21:59:48)
ERROR:UserQueueService:Error running queue consumer name 'UserQueueConsumer' is not defined
INFO:schedule:Running job Every 1 second do add_users() (last run: 2017-08-14 21:59:48, next run: 2017-08-14 21:59:49)
ERROR:UserQueueService:Error running queue consumer name 'UserQueueConsumer' is not defined
INFO:schedule:Running job Every 1 second do add_users() (last run: 2017-08-14 21:59:49, next run: 2017-08-14 21:59:50)
ERROR:UserQueueService:Error running queue consumer name 'UserQueueConsumer' is not defined
INFO:schedule:Running job Every 1 second do add_users() (last run: 2017-08-14 21:59:50, next run: 2017-08-14 21:59:51)
ERROR:UserQueueService:Error running queue consumer name 'UserQueueConsumer' is not defined
INFO:schedule:Running job Every 1 second do add_users() (last run: 2017-08-14 21:59:51, next run: 2017-08-14 21:59:52)
ERROR:UserQueueService:Error running queue consumer name 'UserQueueConsumer' is not defined
INFO:schedule:Running job Every 1 second do add_users() (last run: 2017-08-14 21:59:52, next run: 2017-08-14 21:59:53)
ERROR:UserQueueService:Error running queue consumer name 'UserQueueConsumer' is not defined
INFO:schedule:Running job Every 1 second do add_users() (last run: [never], next run: 2017-08-14 22:00:07)
ERROR:UserQueueService:Error running queue consumer name 'UserQueueConsumer' is not defined
INFO:schedule:Running job Every 1 second do add_users() (last run: 2017-08-14 22:00:07, next run: 2017-08-14 22:00:08)
ERROR:UserQueueService:Error running queue consumer name 'UserQueueConsumer' is not defined
INFO:schedule:Running job Every 1 second do add_users() (last run: 2017-08-14 22:00:08, next run: 2017-08-14 22:00:09)
ERROR:UserQueueService:Error running queue consumer name 'UserQueueConsumer' is not defined
INFO:schedule:Running job Every 1 second do add_users() (last run: 2017-08-14 22:00:09, next run: 2017-08-14 22:00:10)
ERROR:UserQueueService:Error running queue consumer name 'UserQueueConsumer' is not defined
INFO:schedule:Running job Every 1 second do add_users() (last run: 2017-08-14 22:00:10, next run: 2017-08-14 22:00:11)
ERROR:UserQueueService:Error running queue consumer name 'UserQueueConsumer' is not defined
INFO:schedule:Running job Every 1 second do add_users() (last run: 2017-08-14 22:00:11, next run: 2017-08-14 22:00:12)
ERROR:UserQueueService:Error running queue consumer name 'UserQueueConsumer' is not defined
INFO:schedule:Running job Every 1 second do add_users() (last run: 2017-08-14 22:00:12, next run: 2017-08-14 22:00:13)
ERROR:UserQueueService:Error running queue consumer name 'UserQueueConsumer' is not defined
INFO:schedule:Running job Every 1 second do add_users() (last run: 2017-08-14 22:00:13, next run: 2017-08-14 22:00:14)
ERROR:UserQueueService:Error running queue consumer name 'UserQueueConsumer' is not defined
INFO:schedule:Running job Every 1 second do add_users() (last run: 2017-08-14 22:00:14, next run: 2017-08-14 22:00:15)
ERROR:UserQueueService:Error running queue consumer name 'UserQueueConsumer' is not defined
INFO:schedule:Running job Every 1 second do add_users() (last run: 2017-08-14 22:00:15, next run: 2017-08-14 22:00:16)
ERROR:UserQueueService:Error running queue consumer name 'UserQueueConsumer' is not defined
INFO:schedule:Running job Every 1 second do add_users() (last run: 2017-08-14 22:00:16, next run: 2017-08-14 22:00:17)
ERROR:UserQueueService:Error running queue consumer name 'UserQueueConsumer' is not defined
INFO:schedule:Running job Every 1 second do add_users() (last run: 2017-08-14 22:00:17, next run: 2017-08-14 22:00:18)
ERROR:UserQueueService:Error running queue consumer name 'UserQueueConsumer' is not defined
INFO:schedule:Running job Every 1 second do add_users() (last run: 2017-08-14 22:00:18, next run: 2017-08-14 22:00:19)
ERROR:UserQueueService:Error running queue consumer name 'UserQueueConsumer' is not defined
INFO:schedule:Running job Every 1 second do add_users() (last run: 2017-08-14 22:00:19, next run: 2017-08-14 22:00:20)
ERROR:UserQueueService:Error running queue consumer name 'UserQueueConsumer' is not defined
INFO:schedule:Running job Every 1 second do add_users() (last run: 2017-08-14 22:00:20, next run: 2017-08-14 22:00:21)
ERROR:UserQueueService:Error running queue consumer name 'UserQueueConsumer' is not defined
ERROR:UserQueueService:Error running queue consumer name 'UserQueueConsumer' is not defined
ERROR:UserQueueService:Error running queue consumer name 'get_account_key' is not defined
ERROR:UserQueueService:Error running queue consumer 'UserQueueConsumer' object has no attribute 'signal_term_handler'
INFO:pika.adapters.base_connection:Connecting to 127.0.0.1:5672
INFO:UserQueueConsumer:Connection opened
INFO:UserQueueConsumer:Creating a new channel
INFO:UserQueueConsumer:Channel opened
INFO:UserQueueConsumer:Skipped exchange setup assuming that exchange already exists
INFO:UserQueueConsumer:Declaring queue add
ERROR:pika.callback:Calling <bound method UserQueueConsumer.__on_queue_declareok of <UserQueueConsumer.UserQueueConsumer object at 0x104e72940>> for "1:Queue.DeclareOk" failed
Traceback (most recent call last):
  File "/Users/tanmaymathur/.pyenv/versions/anaconda3-4.3.0/lib/python3.6/site-packages/pika/callback.py", line 236, in process
    callback(*args, **keywords)
  File "/Users/tanmaymathur/Documents/personal_workspace/user_information_service/UserQueueConsumer.py", line 89, in __on_queue_declareok
    self.exchange, self.queue, ','.join(self.binding_keys))
TypeError: sequence item 0: expected str instance, NoneType found
ERROR:UserQueueService:Error running queue consumer sequence item 0: expected str instance, NoneType found
INFO:pika.adapters.base_connection:Connecting to 127.0.0.1:5672
INFO:UserQueueConsumer:Connection opened
INFO:UserQueueConsumer:Creating a new channel
INFO:UserQueueConsumer:Channel opened
INFO:UserQueueConsumer:Skipped exchange setup assuming that exchange already exists
INFO:UserQueueConsumer:Declaring queue add
INFO:UserQueueConsumer:Binding user to add with add
INFO:UserQueueConsumer:Queue bound
INFO:UserQueueConsumer:Issuing consumer related RPC commands
ERROR:pika.callback:Calling <bound method UserQueueConsumer.__on_bindok of <UserQueueConsumer.UserQueueConsumer object at 0x110269978>> for "1:Queue.BindOk" failed
Traceback (most recent call last):
  File "/Users/tanmaymathur/.pyenv/versions/anaconda3-4.3.0/lib/python3.6/site-packages/pika/callback.py", line 236, in process
    callback(*args, **keywords)
  File "/Users/tanmaymathur/Documents/personal_workspace/user_information_service/UserQueueConsumer.py", line 99, in __on_bindok
    self.start_consuming()
  File "/Users/tanmaymathur/Documents/personal_workspace/user_information_service/UserQueueConsumer.py", line 103, in start_consuming
    self.add_on_cancel_callback()
AttributeError: 'UserQueueConsumer' object has no attribute 'add_on_cancel_callback'
ERROR:UserQueueService:Error running queue consumer 'UserQueueConsumer' object has no attribute 'add_on_cancel_callback'
INFO:pika.adapters.base_connection:Connecting to 127.0.0.1:5672
INFO:UserQueueConsumer:Connection opened
INFO:UserQueueConsumer:Creating a new channel
INFO:UserQueueConsumer:Channel opened
INFO:UserQueueConsumer:Skipped exchange setup assuming that exchange already exists
INFO:UserQueueConsumer:Declaring queue add
INFO:UserQueueConsumer:Binding user to add with add
INFO:UserQueueConsumer:Queue bound
INFO:UserQueueConsumer:Issuing consumer related RPC commands
INFO:UserQueueConsumer:Adding consumer cancellation callback
ERROR:pika.callback:Calling <bound method UserQueueConsumer.__on_bindok of <UserQueueConsumer.UserQueueConsumer object at 0x102b0b9b0>> for "1:Queue.BindOk" failed
Traceback (most recent call last):
  File "/Users/tanmaymathur/.pyenv/versions/anaconda3-4.3.0/lib/python3.6/site-packages/pika/callback.py", line 236, in process
    callback(*args, **keywords)
  File "/Users/tanmaymathur/Documents/personal_workspace/user_information_service/UserQueueConsumer.py", line 99, in __on_bindok
    self.start_consuming()
  File "/Users/tanmaymathur/Documents/personal_workspace/user_information_service/UserQueueConsumer.py", line 104, in start_consuming
    self.consumer_tag = self.channel.basic_consume(self.on_message,
AttributeError: 'UserQueueConsumer' object has no attribute 'on_message'
ERROR:UserQueueService:Error running queue consumer 'UserQueueConsumer' object has no attribute 'on_message'
INFO:pika.adapters.base_connection:Connecting to 127.0.0.1:5672
INFO:UserQueueConsumer:Connection opened
INFO:UserQueueConsumer:Creating a new channel
INFO:UserQueueConsumer:Channel opened
INFO:UserQueueConsumer:Skipped exchange setup assuming that exchange already exists
INFO:UserQueueConsumer:Declaring queue add
INFO:UserQueueConsumer:Binding user to add with add
INFO:UserQueueConsumer:Queue bound
INFO:UserQueueConsumer:Issuing consumer related RPC commands
INFO:UserQueueConsumer:Adding consumer cancellation callback
ERROR:UserQueueService:Error with get account key'bytes' object has no attribute 'data'
ERROR:UserQueueService:Error with get account key'bytes' object has no attribute 'data'
ERROR:UserQueueService:Error with get account key'bytes' object has no attribute 'data'
ERROR:UserQueueService:Error with get account key'bytes' object has no attribute 'data'
ERROR:UserQueueService:Error with get account key'bytes' object has no attribute 'data'
INFO:pika.adapters.base_connection:Connecting to 127.0.0.1:5672
INFO:UserQueueConsumer:Connection opened
INFO:UserQueueConsumer:Creating a new channel
INFO:UserQueueConsumer:Channel opened
INFO:UserQueueConsumer:Skipped exchange setup assuming that exchange already exists
INFO:UserQueueConsumer:Declaring queue add
INFO:UserQueueConsumer:Binding user to add with add
INFO:UserQueueConsumer:Queue bound
INFO:UserQueueConsumer:Issuing consumer related RPC commands
INFO:UserQueueConsumer:Adding consumer cancellation callback
INFO:pika.adapters.base_connection:Connecting to 127.0.0.1:5672
INFO:UserQueueConsumer:Connection opened
INFO:UserQueueConsumer:Creating a new channel
INFO:UserQueueConsumer:Channel opened
INFO:UserQueueConsumer:Skipped exchange setup assuming that exchange already exists
INFO:UserQueueConsumer:Declaring queue add
INFO:UserQueueConsumer:Binding user to add with add
INFO:UserQueueConsumer:Queue bound
INFO:UserQueueConsumer:Issuing consumer related RPC commands
INFO:UserQueueConsumer:Adding consumer cancellation callback
INFO:UserQueueService:<bound method UserQueueService.get_account_key of <UserQueueService.UserQueueService object at 0x10b7af358>>
INFO:pika.adapters.base_connection:Connecting to 127.0.0.1:5672
INFO:UserQueueConsumer:Connection opened
INFO:UserQueueConsumer:Creating a new channel
INFO:UserQueueConsumer:Channel opened
INFO:UserQueueConsumer:Skipped exchange setup assuming that exchange already exists
INFO:UserQueueConsumer:Declaring queue add
INFO:UserQueueConsumer:Binding user to add with add
INFO:UserQueueConsumer:Queue bound
INFO:UserQueueConsumer:Issuing consumer related RPC commands
INFO:UserQueueConsumer:Adding consumer cancellation callback
INFO:UserQueueService:<bound method UserQueueService.get_account_key of <UserQueueService.UserQueueService object at 0x10a567358>>
INFO:pika.adapters.base_connection:Connecting to 127.0.0.1:5672
INFO:UserQueueConsumer:Connection opened
INFO:UserQueueConsumer:Creating a new channel
INFO:UserQueueConsumer:Channel opened
INFO:UserQueueConsumer:Skipped exchange setup assuming that exchange already exists
INFO:UserQueueConsumer:Declaring queue add
INFO:UserQueueConsumer:Binding user to add with add
INFO:UserQueueConsumer:Queue bound
INFO:UserQueueConsumer:Issuing consumer related RPC commands
INFO:UserQueueConsumer:Adding consumer cancellation callback
INFO:UserQueueService:<bound method UserQueueService.get_account_key of <UserQueueService.UserQueueService object at 0x10ec6b358>>
INFO:pika.adapters.base_connection:Connecting to 127.0.0.1:5672
INFO:UserQueueConsumer:Connection opened
INFO:UserQueueConsumer:Creating a new channel
INFO:UserQueueConsumer:Channel opened
INFO:UserQueueConsumer:Skipped exchange setup assuming that exchange already exists
INFO:UserQueueConsumer:Declaring queue add
INFO:UserQueueConsumer:Binding user to add with add
INFO:UserQueueConsumer:Queue bound
INFO:UserQueueConsumer:Issuing consumer related RPC commands
INFO:UserQueueService:<bound method UserQueueService.get_account_key of <UserQueueService.UserQueueService object at 0x10cdaf358>>
INFO:pika.adapters.base_connection:Connecting to 127.0.0.1:5672
INFO:UserQueueConsumer:Connection opened
INFO:UserQueueConsumer:Creating a new channel
INFO:UserQueueConsumer:Channel opened
INFO:UserQueueConsumer:Skipped exchange setup assuming that exchange already exists
INFO:UserQueueConsumer:Declaring queue add
INFO:UserQueueConsumer:Binding user to add with add
INFO:UserQueueConsumer:Queue bound
INFO:UserQueueConsumer:Issuing consumer related RPC commands
INFO:UserQueueService:b'message number 1'
INFO:UserQueueService:b'message number 2'
INFO:UserQueueService:b'message number 3'
INFO:UserQueueService:b'message number 4'
INFO:UserQueueService:b'message number 5'
INFO:UserQueueService:<bound method UserQueueService.get_account_key of <UserQueueService.UserQueueService object at 0x1025f0358>>
INFO:pika.adapters.base_connection:Connecting to 127.0.0.1:5672
INFO:UserQueueConsumer:Connection opened
INFO:UserQueueConsumer:Creating a new channel
INFO:UserQueueConsumer:Channel opened
INFO:UserQueueConsumer:Skipped exchange setup assuming that exchange already exists
INFO:UserQueueConsumer:Declaring queue add
INFO:UserQueueConsumer:Binding user to add with add
INFO:UserQueueConsumer:Queue bound
INFO:UserQueueConsumer:Issuing consumer related RPC commands
INFO:UserQueueService:b'message number 1'
INFO:UserQueueService:b'message number 2'
INFO:UserQueueService:b'message number 3'
INFO:UserQueueService:b'message number 4'
INFO:UserQueueService:b'message number 5'
INFO:UserQueueService:<bound method UserQueueService.get_account_key of <UserQueueService.UserQueueService object at 0x10f477358>>
INFO:pika.adapters.base_connection:Connecting to 127.0.0.1:5672
INFO:UserQueueConsumer:Connection opened
INFO:UserQueueConsumer:Creating a new channel
INFO:UserQueueConsumer:Channel opened
INFO:UserQueueConsumer:Skipped exchange setup assuming that exchange already exists
INFO:UserQueueConsumer:Declaring queue add
INFO:UserQueueConsumer:Binding user to add with add
INFO:UserQueueConsumer:Queue bound
INFO:UserQueueConsumer:Issuing consumer related RPC commands
INFO:UserQueueService:b'message number 1'
INFO:UserQueueService:b'message number 2'
INFO:UserQueueService:b'message number 3'
INFO:UserQueueService:b'message number 4'
INFO:UserQueueService:b'message number 5'
ERROR:UserQueueService:Error running queue consumer 'NoneType' object has no attribute 'consumer_callback'
INFO:schedule:Running job Every 30 seconds do add_users() (last run: [never], next run: 2017-08-14 23:30:06)
ERROR:UserQueueService:Error running queue consumer 'NoneType' object has no attribute 'consumer_callback'
INFO:UserQueueService:<bound method UserQueueService.get_account_key of <UserQueueService.UserQueueService object at 0x10d3de358>>
INFO:pika.adapters.base_connection:Connecting to 127.0.0.1:5672
INFO:UserQueueConsumer:Connection opened
INFO:UserQueueConsumer:Creating a new channel
INFO:UserQueueConsumer:Channel opened
INFO:UserQueueConsumer:Skipped exchange setup assuming that exchange already exists
INFO:UserQueueConsumer:Declaring queue add
INFO:UserQueueConsumer:Binding user to add with add
INFO:UserQueueConsumer:Queue bound
INFO:UserQueueConsumer:Issuing consumer related RPC commands
INFO:UserQueueService:b'message number 1'
INFO:UserQueueConsumer:Stopping
INFO:UserQueueConsumer:Sending a Basic.Cancel RPC command to RabbitMQ
INFO:UserQueueConsumer:Stopped
INFO:schedule:Running job Every 30 seconds do add_users() (last run: [never], next run: 2017-08-14 23:31:32)
INFO:UserQueueService:<bound method UserQueueService.get_account_key of <UserQueueService.UserQueueService object at 0x10d3de358>>
INFO:pika.adapters.base_connection:Connecting to 127.0.0.1:5672
INFO:UserQueueConsumer:Connection opened
INFO:UserQueueConsumer:Creating a new channel
INFO:UserQueueConsumer:Channel opened
INFO:UserQueueConsumer:Skipped exchange setup assuming that exchange already exists
INFO:UserQueueConsumer:Declaring queue add
INFO:UserQueueConsumer:Binding user to add with add
INFO:UserQueueConsumer:Queue bound
INFO:UserQueueConsumer:Issuing consumer related RPC commands
INFO:UserQueueService:b'message number 2'
INFO:UserQueueConsumer:Stopping
INFO:UserQueueConsumer:Sending a Basic.Cancel RPC command to RabbitMQ
INFO:UserQueueConsumer:Stopped
INFO:schedule:Running job Every 30 seconds do add_users() (last run: 2017-08-14 23:32:02, next run: 2017-08-14 23:32:32)
INFO:UserQueueService:<bound method UserQueueService.get_account_key of <UserQueueService.UserQueueService object at 0x10d3de358>>
INFO:pika.adapters.base_connection:Connecting to 127.0.0.1:5672
INFO:UserQueueConsumer:Connection opened
INFO:UserQueueConsumer:Creating a new channel
INFO:UserQueueConsumer:Channel opened
INFO:UserQueueConsumer:Skipped exchange setup assuming that exchange already exists
INFO:UserQueueConsumer:Declaring queue add
INFO:UserQueueConsumer:Binding user to add with add
INFO:UserQueueConsumer:Queue bound
INFO:UserQueueConsumer:Issuing consumer related RPC commands
INFO:UserQueueService:b'message number 3'
INFO:UserQueueConsumer:Stopping
INFO:UserQueueConsumer:Sending a Basic.Cancel RPC command to RabbitMQ
INFO:UserQueueConsumer:Stopped
INFO:schedule:Running job Every 30 seconds do add_users() (last run: 2017-08-14 23:33:02, next run: 2017-08-14 23:33:32)
INFO:UserQueueService:<bound method UserQueueService.get_account_key of <UserQueueService.UserQueueService object at 0x10d3de358>>
INFO:pika.adapters.base_connection:Connecting to 127.0.0.1:5672
INFO:UserQueueConsumer:Connection opened
INFO:UserQueueConsumer:Creating a new channel
INFO:UserQueueConsumer:Channel opened
INFO:UserQueueConsumer:Skipped exchange setup assuming that exchange already exists
INFO:UserQueueConsumer:Declaring queue add
INFO:UserQueueConsumer:Binding user to add with add
INFO:UserQueueConsumer:Queue bound
INFO:UserQueueConsumer:Issuing consumer related RPC commands
INFO:UserQueueService:b'message number 4'
INFO:UserQueueConsumer:Stopping
INFO:UserQueueConsumer:Sending a Basic.Cancel RPC command to RabbitMQ
INFO:UserQueueConsumer:Stopped
INFO:schedule:Running job Every 30 seconds do add_users() (last run: 2017-08-14 23:34:02, next run: 2017-08-14 23:34:32)
INFO:UserQueueService:<bound method UserQueueService.get_account_key of <UserQueueService.UserQueueService object at 0x10d3de358>>
INFO:pika.adapters.base_connection:Connecting to 127.0.0.1:5672
INFO:UserQueueConsumer:Connection opened
INFO:UserQueueConsumer:Creating a new channel
INFO:UserQueueConsumer:Channel opened
INFO:UserQueueConsumer:Skipped exchange setup assuming that exchange already exists
INFO:UserQueueConsumer:Declaring queue add
INFO:UserQueueConsumer:Binding user to add with add
INFO:UserQueueConsumer:Queue bound
INFO:UserQueueConsumer:Issuing consumer related RPC commands
INFO:UserQueueService:b'message number 5'
INFO:UserQueueConsumer:Stopping
INFO:UserQueueConsumer:Sending a Basic.Cancel RPC command to RabbitMQ
INFO:UserQueueConsumer:Stopped
INFO:UserQueueService:<bound method UserQueueService.get_account_key of <UserQueueService.UserQueueService object at 0x101aa6358>>
INFO:pika.adapters.base_connection:Connecting to 127.0.0.1:5672
INFO:UserQueueConsumer:Connection opened
INFO:UserQueueConsumer:Creating a new channel
INFO:UserQueueConsumer:Channel opened
INFO:UserQueueConsumer:Skipped exchange setup assuming that exchange already exists
INFO:UserQueueConsumer:Declaring queue add
INFO:UserQueueConsumer:Binding user to add with add
INFO:UserQueueConsumer:Queue bound
INFO:UserQueueConsumer:Issuing consumer related RPC commands
INFO:UserQueueService:b'message number 1'
INFO:UserQueueService:b'message number 2'
INFO:UserQueueService:b'message number 3'
INFO:UserQueueService:b'message number 4'
INFO:UserQueueService:b'message number 5'
INFO:UserQueueService:b'message number 1'
INFO:UserQueueService:b'message number 2'
INFO:UserQueueService:b'message number 3'
INFO:UserQueueService:b'message number 4'
INFO:UserQueueService:b'message number 5'
INFO:Model:Creating user table
INFO:UserQueueService:<bound method UserQueueService.get_account_key of <UserQueueService.UserQueueService object at 0x100ec5358>>
INFO:pika.adapters.base_connection:Connecting to 127.0.0.1:5672
INFO:UserQueueConsumer:Connection opened
INFO:UserQueueConsumer:Creating a new channel
INFO:UserQueueConsumer:Channel opened
INFO:UserQueueConsumer:Skipped exchange setup assuming that exchange already exists
INFO:UserQueueConsumer:Declaring queue add
INFO:UserQueueConsumer:Binding user to add with add
INFO:UserQueueConsumer:Queue bound
INFO:UserQueueConsumer:Issuing consumer related RPC commands
ERROR:UserQueueService:Error with get account key'bytes' object has no attribute 'data'
ERROR:UserQueueService:Error with get account key'bytes' object has no attribute 'data'
INFO:Model:Creating user table
INFO:UserQueueService:<bound method UserQueueService.get_account_key of <UserQueueService.UserQueueService object at 0x1084ec358>>
INFO:pika.adapters.base_connection:Connecting to 127.0.0.1:5672
INFO:UserQueueConsumer:Connection opened
INFO:UserQueueConsumer:Creating a new channel
INFO:UserQueueConsumer:Channel opened
INFO:UserQueueConsumer:Skipped exchange setup assuming that exchange already exists
INFO:UserQueueConsumer:Declaring queue add
INFO:UserQueueConsumer:Binding user to add with add
INFO:UserQueueConsumer:Queue bound
INFO:UserQueueConsumer:Issuing consumer related RPC commands
ERROR:UserQueueService:Error with get account key'bytes' object has no attribute 'data'
INFO:Model:Creating user table
INFO:UserQueueService:<bound method UserQueueService.get_account_key of <UserQueueService.UserQueueService object at 0x109e51358>>
INFO:pika.adapters.base_connection:Connecting to 127.0.0.1:5672
INFO:UserQueueConsumer:Connection opened
INFO:UserQueueConsumer:Creating a new channel
INFO:UserQueueConsumer:Channel opened
INFO:UserQueueConsumer:Skipped exchange setup assuming that exchange already exists
INFO:UserQueueConsumer:Declaring queue add
INFO:UserQueueConsumer:Binding user to add with add
INFO:UserQueueConsumer:Queue bound
INFO:UserQueueConsumer:Issuing consumer related RPC commands
ERROR:UserQueueService:Error with get account keybyte indices must be integers or slices, not str
INFO:Model:Creating user table
INFO:UserQueueService:<bound method UserQueueService.get_account_key of <UserQueueService.UserQueueService object at 0x10ae97358>>
INFO:pika.adapters.base_connection:Connecting to 127.0.0.1:5672
INFO:UserQueueConsumer:Connection opened
INFO:UserQueueConsumer:Creating a new channel
INFO:UserQueueConsumer:Channel opened
INFO:UserQueueConsumer:Skipped exchange setup assuming that exchange already exists
INFO:UserQueueConsumer:Declaring queue add
INFO:UserQueueConsumer:Binding user to add with add
INFO:UserQueueConsumer:Queue bound
INFO:UserQueueConsumer:Issuing consumer related RPC commands
ERROR:UserQueueService:Error with get account keymust be str, not bytes
INFO:Model:Creating user table
INFO:UserQueueService:<bound method UserQueueService.get_account_key of <UserQueueService.UserQueueService object at 0x10cce9358>>
INFO:pika.adapters.base_connection:Connecting to 127.0.0.1:5672
INFO:UserQueueConsumer:Connection opened
INFO:UserQueueConsumer:Creating a new channel
INFO:UserQueueConsumer:Channel opened
INFO:UserQueueConsumer:Skipped exchange setup assuming that exchange already exists
INFO:UserQueueConsumer:Declaring queue add
INFO:UserQueueConsumer:Binding user to add with add
INFO:UserQueueConsumer:Queue bound
INFO:UserQueueConsumer:Issuing consumer related RPC commands
ERROR:UserQueueService:Error with get account keymust be str, not bytesb'{"email": "user@example`.com", "phone_number": "9774734647", "password": "Hello", "metadata": "male, age 32, unemployed, college-educated", "id": 5}'
INFO:Model:Creating user table
INFO:UserQueueService:<bound method UserQueueService.get_account_key of <UserQueueService.UserQueueService object at 0x10bfc6358>>
INFO:pika.adapters.base_connection:Connecting to 127.0.0.1:5672
INFO:UserQueueConsumer:Connection opened
INFO:UserQueueConsumer:Creating a new channel
INFO:UserQueueConsumer:Channel opened
INFO:UserQueueConsumer:Skipped exchange setup assuming that exchange already exists
INFO:UserQueueConsumer:Declaring queue add
INFO:UserQueueConsumer:Binding user to add with add
INFO:UserQueueConsumer:Queue bound
INFO:UserQueueConsumer:Issuing consumer related RPC commands
ERROR:UserQueueService:Error with get account keymust be str, not bytesb'{"email": "user@example1.com", "phone_number": "9774738647", "password": "Hello", "metadata": "male, age 32, unemployed, college-educated", "id": 6}'
INFO:Model:Creating user table
INFO:UserQueueService:<bound method UserQueueService.get_account_key of <UserQueueService.UserQueueService object at 0x107f41358>>
INFO:pika.adapters.base_connection:Connecting to 127.0.0.1:5672
INFO:UserQueueConsumer:Connection opened
INFO:UserQueueConsumer:Creating a new channel
INFO:UserQueueConsumer:Channel opened
INFO:UserQueueConsumer:Skipped exchange setup assuming that exchange already exists
INFO:UserQueueConsumer:Declaring queue add
INFO:UserQueueConsumer:Binding user to add with add
INFO:UserQueueConsumer:Queue bound
INFO:UserQueueConsumer:Issuing consumer related RPC commands
ERROR:UserQueueService:Error running queue consumer must be str, not type
INFO:schedule:Running job Every 30 seconds do add_users() (last run: [never], next run: 2017-08-15 00:56:55)
INFO:UserQueueService:<bound method UserQueueService.get_account_key of <UserQueueService.UserQueueService object at 0x107f41358>>
INFO:pika.adapters.base_connection:Connecting to 127.0.0.1:5672
INFO:UserQueueConsumer:Connection opened
INFO:UserQueueConsumer:Creating a new channel
INFO:UserQueueConsumer:Channel opened
INFO:UserQueueConsumer:Skipped exchange setup assuming that exchange already exists
INFO:UserQueueConsumer:Declaring queue add
INFO:UserQueueConsumer:Binding user to add with add
INFO:UserQueueConsumer:Queue bound
INFO:UserQueueConsumer:Issuing consumer related RPC commands
INFO:Model:Creating user table
INFO:UserQueueService:<bound method UserQueueService.get_account_key of <UserQueueService.UserQueueService object at 0x104d09358>>
INFO:pika.adapters.base_connection:Connecting to 127.0.0.1:5672
INFO:UserQueueConsumer:Connection opened
INFO:UserQueueConsumer:Creating a new channel
INFO:UserQueueConsumer:Channel opened
INFO:UserQueueConsumer:Skipped exchange setup assuming that exchange already exists
INFO:UserQueueConsumer:Declaring queue add
INFO:UserQueueConsumer:Binding user to add with add
INFO:UserQueueConsumer:Queue bound
INFO:UserQueueConsumer:Issuing consumer related RPC commands
ERROR:UserQueueService:Error with get account keymust be str, not bytes<class 'bytes'>
ERROR:UserQueueService:Error with get account keymust be str, not bytes<class 'bytes'>
INFO:Model:Creating user table
INFO:UserQueueService:<bound method UserQueueService.get_account_key of <UserQueueService.UserQueueService object at 0x108bc2358>>
INFO:pika.adapters.base_connection:Connecting to 127.0.0.1:5672
INFO:UserQueueConsumer:Connection opened
INFO:UserQueueConsumer:Creating a new channel
INFO:UserQueueConsumer:Channel opened
INFO:UserQueueConsumer:Skipped exchange setup assuming that exchange already exists
INFO:UserQueueConsumer:Declaring queue add
INFO:UserQueueConsumer:Binding user to add with add
INFO:UserQueueConsumer:Queue bound
INFO:UserQueueConsumer:Issuing consumer related RPC commands
ERROR:UserQueueService:Error with get account keymust be str, not bytes
ERROR:UserQueueService:Error with get account keymust be str, not bytes
INFO:Model:Creating user table
INFO:UserQueueService:<bound method UserQueueService.get_account_key of <UserQueueService.UserQueueService object at 0x109893358>>
INFO:pika.adapters.base_connection:Connecting to 127.0.0.1:5672
INFO:UserQueueConsumer:Connection opened
INFO:UserQueueConsumer:Creating a new channel
INFO:UserQueueConsumer:Channel opened
INFO:UserQueueConsumer:Skipped exchange setup assuming that exchange already exists
INFO:UserQueueConsumer:Declaring queue add
INFO:UserQueueConsumer:Binding user to add with add
INFO:UserQueueConsumer:Queue bound
INFO:UserQueueConsumer:Issuing consumer related RPC commands
ERROR:UserQueueService:Error with get account keymust be str, not bytes
INFO:Model:Creating user table
INFO:UserQueueService:<bound method UserQueueService.get_account_key of <UserQueueService.UserQueueService object at 0x10aeb0358>>
INFO:pika.adapters.base_connection:Connecting to 127.0.0.1:5672
INFO:UserQueueConsumer:Connection opened
INFO:UserQueueConsumer:Creating a new channel
INFO:UserQueueConsumer:Channel opened
INFO:UserQueueConsumer:Skipped exchange setup assuming that exchange already exists
INFO:UserQueueConsumer:Declaring queue add
INFO:UserQueueConsumer:Binding user to add with add
INFO:UserQueueConsumer:Queue bound
INFO:UserQueueConsumer:Issuing consumer related RPC commands
ERROR:UserQueueService:Error with get account keymust be str, not bytes
INFO:Model:Creating user table
INFO:UserQueueService:<bound method UserQueueService.get_account_key of <UserQueueService.UserQueueService object at 0x105813358>>
INFO:pika.adapters.base_connection:Connecting to 127.0.0.1:5672
INFO:UserQueueConsumer:Connection opened
INFO:UserQueueConsumer:Creating a new channel
INFO:UserQueueConsumer:Channel opened
INFO:UserQueueConsumer:Skipped exchange setup assuming that exchange already exists
INFO:UserQueueConsumer:Declaring queue add
INFO:UserQueueConsumer:Binding user to add with add
INFO:UserQueueConsumer:Queue bound
INFO:UserQueueConsumer:Issuing consumer related RPC commands
ERROR:UserQueueService:Error with get account keymust be str, not bytes
INFO:Model:Creating user table
INFO:UserQueueService:<bound method UserQueueService.get_account_key of <UserQueueService.UserQueueService object at 0x101987358>>
INFO:pika.adapters.base_connection:Connecting to 127.0.0.1:5672
INFO:UserQueueConsumer:Connection opened
INFO:UserQueueConsumer:Creating a new channel
INFO:UserQueueConsumer:Channel opened
INFO:UserQueueConsumer:Skipped exchange setup assuming that exchange already exists
INFO:UserQueueConsumer:Declaring queue add
INFO:UserQueueConsumer:Binding user to add with add
INFO:UserQueueConsumer:Queue bound
INFO:UserQueueConsumer:Issuing consumer related RPC commands
ERROR:UserQueueService:Error with get account keymust be str, not bytes
INFO:Model:Creating user table
INFO:UserQueueService:<bound method UserQueueService.get_account_key of <UserQueueService.UserQueueService object at 0x10a2e3358>>
INFO:pika.adapters.base_connection:Connecting to 127.0.0.1:5672
INFO:UserQueueConsumer:Connection opened
INFO:UserQueueConsumer:Creating a new channel
INFO:UserQueueConsumer:Channel opened
INFO:UserQueueConsumer:Skipped exchange setup assuming that exchange already exists
INFO:UserQueueConsumer:Declaring queue add
INFO:UserQueueConsumer:Binding user to add with add
INFO:UserQueueConsumer:Queue bound
INFO:UserQueueConsumer:Issuing consumer related RPC commands
ERROR:UserQueueService:Error with get account keymust be str, not bytes
INFO:Model:Creating user table
INFO:UserQueueService:<bound method UserQueueService.get_account_key of <UserQueueService.UserQueueService object at 0x102a98358>>
INFO:pika.adapters.base_connection:Connecting to 127.0.0.1:5672
INFO:UserQueueConsumer:Connection opened
INFO:UserQueueConsumer:Creating a new channel
INFO:UserQueueConsumer:Channel opened
INFO:UserQueueConsumer:Skipped exchange setup assuming that exchange already exists
INFO:UserQueueConsumer:Declaring queue add
INFO:UserQueueConsumer:Binding user to add with add
INFO:UserQueueConsumer:Queue bound
INFO:UserQueueConsumer:Issuing consumer related RPC commands
ERROR:UserQueueService:Error with get account keymust be str, not bytes
INFO:Model:Creating user table
INFO:UserQueueService:<bound method UserQueueService.get_account_key of <UserQueueService.UserQueueService object at 0x10f4a2358>>
INFO:pika.adapters.base_connection:Connecting to 127.0.0.1:5672
INFO:UserQueueConsumer:Connection opened
INFO:UserQueueConsumer:Creating a new channel
INFO:UserQueueConsumer:Channel opened
INFO:UserQueueConsumer:Skipped exchange setup assuming that exchange already exists
INFO:UserQueueConsumer:Declaring queue add
INFO:UserQueueConsumer:Binding user to add with add
INFO:UserQueueConsumer:Queue bound
INFO:UserQueueConsumer:Issuing consumer related RPC commands
INFO:Model:Creating user table
INFO:UserQueueService:<bound method UserQueueService.get_account_key of <UserQueueService.UserQueueService object at 0x1096f2358>>
INFO:pika.adapters.base_connection:Connecting to 127.0.0.1:5672
INFO:UserQueueConsumer:Connection opened
INFO:UserQueueConsumer:Creating a new channel
INFO:UserQueueConsumer:Channel opened
INFO:UserQueueConsumer:Skipped exchange setup assuming that exchange already exists
INFO:UserQueueConsumer:Declaring queue add
INFO:UserQueueConsumer:Binding user to add with add
INFO:UserQueueConsumer:Queue bound
INFO:UserQueueConsumer:Issuing consumer related RPC commands
ERROR:UserQueueService:Error with get account keyname 'json' is not defined
INFO:Model:Creating user table
INFO:UserQueueService:<bound method UserQueueService.get_account_key of <UserQueueService.UserQueueService object at 0x102049358>>
INFO:pika.adapters.base_connection:Connecting to 127.0.0.1:5672
INFO:UserQueueConsumer:Connection opened
INFO:UserQueueConsumer:Creating a new channel
INFO:UserQueueConsumer:Channel opened
INFO:UserQueueConsumer:Skipped exchange setup assuming that exchange already exists
INFO:UserQueueConsumer:Declaring queue add
INFO:UserQueueConsumer:Binding user to add with add
INFO:UserQueueConsumer:Queue bound
INFO:UserQueueConsumer:Issuing consumer related RPC commands
ERROR:UserQueueService:Error with get account key'key'
INFO:Model:Creating user table
INFO:UserQueueService:<bound method UserQueueService.get_account_key of <UserQueueService.UserQueueService object at 0x103a1d358>>
INFO:pika.adapters.base_connection:Connecting to 127.0.0.1:5672
INFO:UserQueueConsumer:Connection opened
INFO:UserQueueConsumer:Creating a new channel
INFO:UserQueueConsumer:Channel opened
INFO:UserQueueConsumer:Skipped exchange setup assuming that exchange already exists
INFO:UserQueueConsumer:Declaring queue add
INFO:UserQueueConsumer:Binding user to add with add
INFO:UserQueueConsumer:Queue bound
INFO:UserQueueConsumer:Issuing consumer related RPC commands
INFO:AccountKeyClient:Sending request to account key service {"email": "abc55e9e1bb1adb4d58dc5c7b3e6b5cf399013e621d7c93069a8eedf", "key": "user@2example14.com"}
INFO:AccountKeyClient:Response from account key service {'email': 'abc55e9e1bb1adb4d58dc5c7b3e6b5cf399013e621d7c93069a8eedf', 'account_key': 'ae631c7789524009f9de6318e5c6984f'}
ERROR:AccountKeyClient:Error at account key client'str' object has no attribute 'decode'
ERROR:UserQueueService:Error with get account key'str' object has no attribute 'decode'
INFO:Model:Creating user table
INFO:UserQueueService:<bound method UserQueueService.get_account_key of <UserQueueService.UserQueueService object at 0x10de47358>>
INFO:pika.adapters.base_connection:Connecting to 127.0.0.1:5672
INFO:UserQueueConsumer:Connection opened
INFO:UserQueueConsumer:Creating a new channel
INFO:UserQueueConsumer:Channel opened
INFO:UserQueueConsumer:Skipped exchange setup assuming that exchange already exists
INFO:UserQueueConsumer:Declaring queue add
INFO:UserQueueConsumer:Binding user to add with add
INFO:UserQueueConsumer:Queue bound
INFO:UserQueueConsumer:Issuing consumer related RPC commands
INFO:AccountKeyClient:Sending request to account key service {"email": "2d2eb430a891bb75b111db54539d56fe83f88737c721afe97510c7ef", "key": "user@2example15.com"}
INFO:AccountKeyClient:Response from account key service {'email': '2d2eb430a891bb75b111db54539d56fe83f88737c721afe97510c7ef', 'account_key': 'a59d0b2546e03611968c7c9eed967414'}
